2023-10-25 20:31:40.428 {restartedMain} INFO  com.main.travel.TravelApplication - Starting TravelApplication using Java 18.0.2.1 with PID 26296 (C:\Users\maxek\Desktop\Projekt\H2Demo\target\classes started by maxek in C:\Users\maxek\Desktop\Projekt\H2Demo)
2023-10-25 20:31:40.436 {restartedMain} INFO  com.main.travel.TravelApplication - No active profile set, falling back to 1 default profile: "default"
2023-10-25 20:31:40.477 {restartedMain} INFO  org.springframework.boot.devtools.env.DevToolsPropertyDefaultsPostProcessor - Devtools property defaults active! Set 'spring.devtools.add-properties' to 'false' to disable
2023-10-25 20:31:40.477 {restartedMain} INFO  org.springframework.boot.devtools.env.DevToolsPropertyDefaultsPostProcessor - For additional web related logging consider setting the 'logging.level.web' property to 'DEBUG'
2023-10-25 20:31:41.109 {restartedMain} INFO  org.springframework.data.repository.config.RepositoryConfigurationDelegate - Bootstrapping Spring Data JPA repositories in DEFAULT mode.
2023-10-25 20:31:41.286 {restartedMain} INFO  org.springframework.data.repository.config.RepositoryConfigurationDelegate - Finished Spring Data repository scanning in 167 ms. Found 5 JPA repository interfaces.
2023-10-25 20:31:41.964 {restartedMain} INFO  org.springframework.boot.web.embedded.tomcat.TomcatWebServer - Tomcat initialized with port(s): 8585 (http)
2023-10-25 20:31:41.973 {restartedMain} INFO  org.apache.coyote.http11.Http11NioProtocol - Initializing ProtocolHandler ["http-nio-8585"]
2023-10-25 20:31:41.974 {restartedMain} INFO  org.apache.catalina.core.StandardService - Starting service [Tomcat]
2023-10-25 20:31:41.975 {restartedMain} INFO  org.apache.catalina.core.StandardEngine - Starting Servlet engine: [Apache Tomcat/10.1.13]
2023-10-25 20:31:42.030 {restartedMain} INFO  org.apache.catalina.core.ContainerBase.[Tomcat].[localhost].[/] - Initializing Spring embedded WebApplicationContext
2023-10-25 20:31:42.030 {restartedMain} INFO  org.springframework.boot.web.servlet.context.ServletWebServerApplicationContext - Root WebApplicationContext: initialization completed in 1552 ms
2023-10-25 20:31:42.176 {restartedMain} INFO  org.hibernate.jpa.internal.util.LogHelper - HHH000204: Processing PersistenceUnitInfo [name: default]
2023-10-25 20:31:42.247 {restartedMain} INFO  org.hibernate.Version - HHH000412: Hibernate ORM core version 6.2.9.Final
2023-10-25 20:31:42.249 {restartedMain} INFO  org.hibernate.cfg.Environment - HHH000406: Using bytecode reflection optimizer
2023-10-25 20:31:42.377 {restartedMain} INFO  org.hibernate.bytecode.internal.BytecodeProviderInitiator - HHH000021: Bytecode provider name : bytebuddy
2023-10-25 20:31:42.492 {restartedMain} INFO  org.springframework.orm.jpa.persistenceunit.SpringPersistenceUnitInfo - No LoadTimeWeaver setup: ignoring JPA class transformer
2023-10-25 20:31:42.506 {restartedMain} INFO  com.zaxxer.hikari.HikariDataSource - HikariPool-1 - Starting...
2023-10-25 20:31:42.787 {restartedMain} INFO  com.zaxxer.hikari.pool.HikariPool - HikariPool-1 - Added connection com.mysql.cj.jdbc.ConnectionImpl@9d81fb3
2023-10-25 20:31:42.788 {restartedMain} INFO  com.zaxxer.hikari.HikariDataSource - HikariPool-1 - Start completed.
2023-10-25 20:31:42.830 {restartedMain} WARN  org.hibernate.orm.deprecation - HHH90000026: MySQL8Dialect has been deprecated; use org.hibernate.dialect.MySQLDialect instead
2023-10-25 20:31:43.042 {restartedMain} INFO  org.hibernate.bytecode.internal.BytecodeProviderInitiator - HHH000021: Bytecode provider name : bytebuddy
2023-10-25 20:31:43.589 {restartedMain} INFO  org.hibernate.engine.transaction.jta.platform.internal.JtaPlatformInitiator - HHH000490: Using JtaPlatform implementation: [org.hibernate.engine.transaction.jta.platform.internal.NoJtaPlatform]
2023-10-25 20:31:43.737 {restartedMain} INFO  org.springframework.orm.jpa.LocalContainerEntityManagerFactoryBean - Initialized JPA EntityManagerFactory for persistence unit 'default'
2023-10-25 20:31:44.158 {restartedMain} WARN  org.springframework.boot.autoconfigure.orm.jpa.JpaBaseConfiguration$JpaWebConfiguration - spring.jpa.open-in-view is enabled by default. Therefore, database queries may be performed during view rendering. Explicitly configure spring.jpa.open-in-view to disable this warning
2023-10-25 20:31:44.177 {restartedMain} INFO  org.springframework.security.provisioning.JdbcUserDetailsManager - No authentication manager set. Reauthentication of users when changing passwords will not be performed.
2023-10-25 20:31:44.427 {restartedMain} INFO  org.springframework.security.web.DefaultSecurityFilterChain - Will secure any request with [org.springframework.security.web.session.DisableEncodeUrlFilter@22631c44, org.springframework.security.web.context.request.async.WebAsyncManagerIntegrationFilter@62ba72f8, org.springframework.security.web.context.SecurityContextHolderFilter@33f00c36, org.springframework.security.web.header.HeaderWriterFilter@4d83238a, org.springframework.security.web.authentication.logout.LogoutFilter@23ec584f, org.springframework.security.web.authentication.www.BasicAuthenticationFilter@6fc5fb93, org.springframework.security.web.savedrequest.RequestCacheAwareFilter@9b267f7, org.springframework.security.web.servletapi.SecurityContextHolderAwareRequestFilter@32ba3af0, org.springframework.security.web.authentication.AnonymousAuthenticationFilter@66dcd7ca, org.springframework.security.web.access.ExceptionTranslationFilter@492b1c0d, org.springframework.security.web.access.intercept.AuthorizationFilter@1e111bfe]
2023-10-25 20:31:44.620 {restartedMain} INFO  org.springframework.boot.devtools.autoconfigure.OptionalLiveReloadServer - LiveReload server is running on port 35729
2023-10-25 20:31:44.631 {restartedMain} INFO  org.apache.coyote.http11.Http11NioProtocol - Starting ProtocolHandler ["http-nio-8585"]
2023-10-25 20:31:44.649 {restartedMain} INFO  org.springframework.boot.web.embedded.tomcat.TomcatWebServer - Tomcat started on port(s): 8585 (http) with context path ''
2023-10-25 20:31:44.659 {restartedMain} INFO  com.main.travel.TravelApplication - Started TravelApplication in 4.633 seconds (process running for 5.743)
2023-10-25 20:31:54.624 {http-nio-8585-exec-1} INFO  org.apache.catalina.core.ContainerBase.[Tomcat].[localhost].[/] - Initializing Spring DispatcherServlet 'dispatcherServlet'
2023-10-25 20:31:54.624 {http-nio-8585-exec-1} INFO  org.springframework.web.servlet.DispatcherServlet - Initializing Servlet 'dispatcherServlet'
2023-10-25 20:31:54.625 {http-nio-8585-exec-1} INFO  org.springframework.web.servlet.DispatcherServlet - Completed initialization in 1 ms
2023-10-25 20:34:09.532 {SpringApplicationShutdownHook} INFO  org.springframework.orm.jpa.LocalContainerEntityManagerFactoryBean - Closing JPA EntityManagerFactory for persistence unit 'default'
2023-10-25 20:34:09.535 {SpringApplicationShutdownHook} INFO  com.zaxxer.hikari.HikariDataSource - HikariPool-1 - Shutdown initiated...
2023-10-25 20:34:09.545 {SpringApplicationShutdownHook} INFO  com.zaxxer.hikari.HikariDataSource - HikariPool-1 - Shutdown completed.
